<?xml version="1.0" encoding="utf-8" standalone="no"?>
<test-run id="2" testcasecount="0" result="Failed" label="Invalid" total="0" passed="0" failed="0" inconclusive="0" skipped="0" asserts="0" engine-version="3.9.0.0" clr-version="4.0.30319.42000" start-time="2019-02-06 17:49:21Z" end-time="2019-02-06 17:49:21Z" duration="0.258430">
  <command-line><![CDATA["C:\ProgramData\chocolatey\lib\nunit-console-runner\tools\nunit3-console.exe"  QA-Web-UITestFW/QA.Web.UITests/bin/Debug/QA.Web.UITests.dll]]></command-line>
  <test-suite type="Assembly" id="0-1" name="QA.Web.UITests.dll" fullname="C:\dev\QA-Web-UITests-Making\QA-Web-UITestFW\QA.Web.UITests\QA-Web-UITestFW\QA.Web.UITests\bin\Debug\QA.Web.UITests.dll" testcasecount="0" runstate="NotRunnable" result="Failed" label="Invalid">
    <properties>
      <property name="_SKIPREASON" value="File not found: C:\dev\QA-Web-UITests-Making\QA-Web-UITestFW\QA.Web.UITests\QA-Web-UITestFW\QA.Web.UITests\bin\Debug\QA.Web.UITests.dll" />
    </properties>
    <reason>
      <message>File not found: C:\dev\QA-Web-UITests-Making\QA-Web-UITestFW\QA.Web.UITests\QA-Web-UITestFW\QA.Web.UITests\bin\Debug\QA.Web.UITests.dll</message>
    </reason>
  </test-suite>
</test-run>